<?xml version="1.0" encoding="UTF-8"?>
<testsuite name="de.tomgrill.gdxtesting.labyrixTests.TestTrap" tests="18" skipped="0" failures="18" errors="0" timestamp="2021-06-21T20:01:46" hostname="DESKTOP-4QSJNUH" time="0.605">
  <properties/>
  <testcase name="Trap_createsTrapEventAutomatically" classname="de.tomgrill.gdxtesting.labyrixTests.TestTrap" time="0.025">
    <failure message="com.badlogic.gdx.utils.GdxRuntimeException: Couldn't load file: bomb.png" type="com.badlogic.gdx.utils.GdxRuntimeException">com.badlogic.gdx.utils.GdxRuntimeException: Couldn't load file: bomb.png
	at com.badlogic.gdx.graphics.Pixmap.&lt;init&gt;(Pixmap.java:165)
	at com.badlogic.gdx.graphics.TextureData$Factory.loadFromFile(TextureData.java:98)
	at com.badlogic.gdx.graphics.Texture.&lt;init&gt;(Texture.java:122)
	at com.badlogic.gdx.graphics.Texture.&lt;init&gt;(Texture.java:114)
	at com.badlogic.gdx.graphics.Texture.&lt;init&gt;(Texture.java:110)
	at com.labyrix.game.Models.Image.&lt;init&gt;(Image.java:13)
	at com.labyrix.game.Models.TrapEvent.&lt;init&gt;(TrapEvent.java:37)
	at com.labyrix.game.Models.Trap.&lt;init&gt;(Trap.java:19)
	at de.tomgrill.gdxtesting.labyrixTests.TestTrap.init(TestTrap.java:25)
	at sun.reflect.NativeMethodAccessorImpl.invoke0(Native Method)
	at sun.reflect.NativeMethodAccessorImpl.invoke(NativeMethodAccessorImpl.java:62)
	at sun.reflect.DelegatingMethodAccessorImpl.invoke(DelegatingMethodAccessorImpl.java:43)
	at java.lang.reflect.Method.invoke(Method.java:498)
	at org.junit.runners.model.FrameworkMethod$1.runReflectiveCall(FrameworkMethod.java:59)
	at org.junit.internal.runners.model.ReflectiveCallable.run(ReflectiveCallable.java:12)
	at org.junit.runners.model.FrameworkMethod.invokeExplosively(FrameworkMethod.java:56)
	at org.junit.internal.runners.statements.RunBefores.invokeMethod(RunBefores.java:33)
	at org.junit.internal.runners.statements.RunBefores.evaluate(RunBefores.java:24)
	at org.junit.runners.ParentRunner$3.evaluate(ParentRunner.java:306)
	at org.junit.runners.BlockJUnit4ClassRunner$1.evaluate(BlockJUnit4ClassRunner.java:100)
	at org.junit.runners.ParentRunner.runLeaf(ParentRunner.java:366)
	at org.junit.runners.BlockJUnit4ClassRunner.runChild(BlockJUnit4ClassRunner.java:103)
	at de.tomgrill.gdxtesting.GdxTestRunner.render(GdxTestRunner.java:59)
	at com.badlogic.gdx.backends.headless.HeadlessApplication.mainLoop(HeadlessApplication.java:128)
	at com.badlogic.gdx.backends.headless.HeadlessApplication$1.run(HeadlessApplication.java:94)
Caused by: com.badlogic.gdx.utils.GdxRuntimeException: File not found: bomb.png (Internal)
	at com.badlogic.gdx.files.FileHandle.read(FileHandle.java:142)
	at com.badlogic.gdx.files.FileHandle.readBytes(FileHandle.java:228)
	at com.badlogic.gdx.graphics.Pixmap.&lt;init&gt;(Pixmap.java:162)
	... 24 more
</failure>
  </testcase>
  <testcase name="isTrapActivated_activatesTrapAsOftenAsProbabilityAllows" classname="de.tomgrill.gdxtesting.labyrixTests.TestTrap" time="0.001">
    <failure message="com.badlogic.gdx.utils.GdxRuntimeException: Couldn't load file: quicksand.png" type="com.badlogic.gdx.utils.GdxRuntimeException">com.badlogic.gdx.utils.GdxRuntimeException: Couldn't load file: quicksand.png
	at com.badlogic.gdx.graphics.Pixmap.&lt;init&gt;(Pixmap.java:165)
	at com.badlogic.gdx.graphics.TextureData$Factory.loadFromFile(TextureData.java:98)
	at com.badlogic.gdx.graphics.Texture.&lt;init&gt;(Texture.java:122)
	at com.badlogic.gdx.graphics.Texture.&lt;init&gt;(Texture.java:114)
	at com.badlogic.gdx.graphics.Texture.&lt;init&gt;(Texture.java:110)
	at com.labyrix.game.Models.Image.&lt;init&gt;(Image.java:13)
	at com.labyrix.game.Models.TrapEvent.&lt;init&gt;(TrapEvent.java:45)
	at com.labyrix.game.Models.Trap.&lt;init&gt;(Trap.java:19)
	at de.tomgrill.gdxtesting.labyrixTests.TestTrap.init(TestTrap.java:25)
	at sun.reflect.NativeMethodAccessorImpl.invoke0(Native Method)
	at sun.reflect.NativeMethodAccessorImpl.invoke(NativeMethodAccessorImpl.java:62)
	at sun.reflect.DelegatingMethodAccessorImpl.invoke(DelegatingMethodAccessorImpl.java:43)
	at java.lang.reflect.Method.invoke(Method.java:498)
	at org.junit.runners.model.FrameworkMethod$1.runReflectiveCall(FrameworkMethod.java:59)
	at org.junit.internal.runners.model.ReflectiveCallable.run(ReflectiveCallable.java:12)
	at org.junit.runners.model.FrameworkMethod.invokeExplosively(FrameworkMethod.java:56)
	at org.junit.internal.runners.statements.RunBefores.invokeMethod(RunBefores.java:33)
	at org.junit.internal.runners.statements.RunBefores.evaluate(RunBefores.java:24)
	at org.junit.runners.ParentRunner$3.evaluate(ParentRunner.java:306)
	at org.junit.runners.BlockJUnit4ClassRunner$1.evaluate(BlockJUnit4ClassRunner.java:100)
	at org.junit.runners.ParentRunner.runLeaf(ParentRunner.java:366)
	at org.junit.runners.BlockJUnit4ClassRunner.runChild(BlockJUnit4ClassRunner.java:103)
	at de.tomgrill.gdxtesting.GdxTestRunner.render(GdxTestRunner.java:59)
	at com.badlogic.gdx.backends.headless.HeadlessApplication.mainLoop(HeadlessApplication.java:128)
	at com.badlogic.gdx.backends.headless.HeadlessApplication$1.run(HeadlessApplication.java:94)
Caused by: com.badlogic.gdx.utils.GdxRuntimeException: File not found: quicksand.png (Internal)
	at com.badlogic.gdx.files.FileHandle.read(FileHandle.java:142)
	at com.badlogic.gdx.files.FileHandle.readBytes(FileHandle.java:228)
	at com.badlogic.gdx.graphics.Pixmap.&lt;init&gt;(Pixmap.java:162)
	... 24 more
</failure>
  </testcase>
  <testcase name="getProbability_returnsCurrentProbability" classname="de.tomgrill.gdxtesting.labyrixTests.TestTrap" time="0.001">
    <failure message="com.badlogic.gdx.utils.GdxRuntimeException: Couldn't load file: bomb.png" type="com.badlogic.gdx.utils.GdxRuntimeException">com.badlogic.gdx.utils.GdxRuntimeException: Couldn't load file: bomb.png
	at com.badlogic.gdx.graphics.Pixmap.&lt;init&gt;(Pixmap.java:165)
	at com.badlogic.gdx.graphics.TextureData$Factory.loadFromFile(TextureData.java:98)
	at com.badlogic.gdx.graphics.Texture.&lt;init&gt;(Texture.java:122)
	at com.badlogic.gdx.graphics.Texture.&lt;init&gt;(Texture.java:114)
	at com.badlogic.gdx.graphics.Texture.&lt;init&gt;(Texture.java:110)
	at com.labyrix.game.Models.Image.&lt;init&gt;(Image.java:13)
	at com.labyrix.game.Models.TrapEvent.&lt;init&gt;(TrapEvent.java:37)
	at com.labyrix.game.Models.Trap.&lt;init&gt;(Trap.java:19)
	at de.tomgrill.gdxtesting.labyrixTests.TestTrap.init(TestTrap.java:25)
	at sun.reflect.NativeMethodAccessorImpl.invoke0(Native Method)
	at sun.reflect.NativeMethodAccessorImpl.invoke(NativeMethodAccessorImpl.java:62)
	at sun.reflect.DelegatingMethodAccessorImpl.invoke(DelegatingMethodAccessorImpl.java:43)
	at java.lang.reflect.Method.invoke(Method.java:498)
	at org.junit.runners.model.FrameworkMethod$1.runReflectiveCall(FrameworkMethod.java:59)
	at org.junit.internal.runners.model.ReflectiveCallable.run(ReflectiveCallable.java:12)
	at org.junit.runners.model.FrameworkMethod.invokeExplosively(FrameworkMethod.java:56)
	at org.junit.internal.runners.statements.RunBefores.invokeMethod(RunBefores.java:33)
	at org.junit.internal.runners.statements.RunBefores.evaluate(RunBefores.java:24)
	at org.junit.runners.ParentRunner$3.evaluate(ParentRunner.java:306)
	at org.junit.runners.BlockJUnit4ClassRunner$1.evaluate(BlockJUnit4ClassRunner.java:100)
	at org.junit.runners.ParentRunner.runLeaf(ParentRunner.java:366)
	at org.junit.runners.BlockJUnit4ClassRunner.runChild(BlockJUnit4ClassRunner.java:103)
	at de.tomgrill.gdxtesting.GdxTestRunner.render(GdxTestRunner.java:59)
	at com.badlogic.gdx.backends.headless.HeadlessApplication.mainLoop(HeadlessApplication.java:128)
	at com.badlogic.gdx.backends.headless.HeadlessApplication$1.run(HeadlessApplication.java:94)
Caused by: com.badlogic.gdx.utils.GdxRuntimeException: File not found: bomb.png (Internal)
	at com.badlogic.gdx.files.FileHandle.read(FileHandle.java:142)
	at com.badlogic.gdx.files.FileHandle.readBytes(FileHandle.java:228)
	at com.badlogic.gdx.graphics.Pixmap.&lt;init&gt;(Pixmap.java:162)
	... 24 more
</failure>
  </testcase>
  <testcase name="setEvent_changesCurrentEvent" classname="de.tomgrill.gdxtesting.labyrixTests.TestTrap" time="0.001">
    <failure message="com.badlogic.gdx.utils.GdxRuntimeException: Couldn't load file: quicksand.png" type="com.badlogic.gdx.utils.GdxRuntimeException">com.badlogic.gdx.utils.GdxRuntimeException: Couldn't load file: quicksand.png
	at com.badlogic.gdx.graphics.Pixmap.&lt;init&gt;(Pixmap.java:165)
	at com.badlogic.gdx.graphics.TextureData$Factory.loadFromFile(TextureData.java:98)
	at com.badlogic.gdx.graphics.Texture.&lt;init&gt;(Texture.java:122)
	at com.badlogic.gdx.graphics.Texture.&lt;init&gt;(Texture.java:114)
	at com.badlogic.gdx.graphics.Texture.&lt;init&gt;(Texture.java:110)
	at com.labyrix.game.Models.Image.&lt;init&gt;(Image.java:13)
	at com.labyrix.game.Models.TrapEvent.&lt;init&gt;(TrapEvent.java:45)
	at com.labyrix.game.Models.Trap.&lt;init&gt;(Trap.java:19)
	at de.tomgrill.gdxtesting.labyrixTests.TestTrap.init(TestTrap.java:25)
	at sun.reflect.NativeMethodAccessorImpl.invoke0(Native Method)
	at sun.reflect.NativeMethodAccessorImpl.invoke(NativeMethodAccessorImpl.java:62)
	at sun.reflect.DelegatingMethodAccessorImpl.invoke(DelegatingMethodAccessorImpl.java:43)
	at java.lang.reflect.Method.invoke(Method.java:498)
	at org.junit.runners.model.FrameworkMethod$1.runReflectiveCall(FrameworkMethod.java:59)
	at org.junit.internal.runners.model.ReflectiveCallable.run(ReflectiveCallable.java:12)
	at org.junit.runners.model.FrameworkMethod.invokeExplosively(FrameworkMethod.java:56)
	at org.junit.internal.runners.statements.RunBefores.invokeMethod(RunBefores.java:33)
	at org.junit.internal.runners.statements.RunBefores.evaluate(RunBefores.java:24)
	at org.junit.runners.ParentRunner$3.evaluate(ParentRunner.java:306)
	at org.junit.runners.BlockJUnit4ClassRunner$1.evaluate(BlockJUnit4ClassRunner.java:100)
	at org.junit.runners.ParentRunner.runLeaf(ParentRunner.java:366)
	at org.junit.runners.BlockJUnit4ClassRunner.runChild(BlockJUnit4ClassRunner.java:103)
	at de.tomgrill.gdxtesting.GdxTestRunner.render(GdxTestRunner.java:59)
	at com.badlogic.gdx.backends.headless.HeadlessApplication.mainLoop(HeadlessApplication.java:128)
	at com.badlogic.gdx.backends.headless.HeadlessApplication$1.run(HeadlessApplication.java:94)
Caused by: com.badlogic.gdx.utils.GdxRuntimeException: File not found: quicksand.png (Internal)
	at com.badlogic.gdx.files.FileHandle.read(FileHandle.java:142)
	at com.badlogic.gdx.files.FileHandle.readBytes(FileHandle.java:228)
	at com.badlogic.gdx.graphics.Pixmap.&lt;init&gt;(Pixmap.java:162)
	... 24 more
</failure>
  </testcase>
  <testcase name="setProbability_changesCurrentProbability" classname="de.tomgrill.gdxtesting.labyrixTests.TestTrap" time="0.0">
    <failure message="com.badlogic.gdx.utils.GdxRuntimeException: Couldn't load file: zombie.png" type="com.badlogic.gdx.utils.GdxRuntimeException">com.badlogic.gdx.utils.GdxRuntimeException: Couldn't load file: zombie.png
	at com.badlogic.gdx.graphics.Pixmap.&lt;init&gt;(Pixmap.java:165)
	at com.badlogic.gdx.graphics.TextureData$Factory.loadFromFile(TextureData.java:98)
	at com.badlogic.gdx.graphics.Texture.&lt;init&gt;(Texture.java:122)
	at com.badlogic.gdx.graphics.Texture.&lt;init&gt;(Texture.java:114)
	at com.badlogic.gdx.graphics.Texture.&lt;init&gt;(Texture.java:110)
	at com.labyrix.game.Models.Image.&lt;init&gt;(Image.java:13)
	at com.labyrix.game.Models.TrapEvent.&lt;init&gt;(TrapEvent.java:33)
	at com.labyrix.game.Models.Trap.&lt;init&gt;(Trap.java:19)
	at de.tomgrill.gdxtesting.labyrixTests.TestTrap.init(TestTrap.java:25)
	at sun.reflect.NativeMethodAccessorImpl.invoke0(Native Method)
	at sun.reflect.NativeMethodAccessorImpl.invoke(NativeMethodAccessorImpl.java:62)
	at sun.reflect.DelegatingMethodAccessorImpl.invoke(DelegatingMethodAccessorImpl.java:43)
	at java.lang.reflect.Method.invoke(Method.java:498)
	at org.junit.runners.model.FrameworkMethod$1.runReflectiveCall(FrameworkMethod.java:59)
	at org.junit.internal.runners.model.ReflectiveCallable.run(ReflectiveCallable.java:12)
	at org.junit.runners.model.FrameworkMethod.invokeExplosively(FrameworkMethod.java:56)
	at org.junit.internal.runners.statements.RunBefores.invokeMethod(RunBefores.java:33)
	at org.junit.internal.runners.statements.RunBefores.evaluate(RunBefores.java:24)
	at org.junit.runners.ParentRunner$3.evaluate(ParentRunner.java:306)
	at org.junit.runners.BlockJUnit4ClassRunner$1.evaluate(BlockJUnit4ClassRunner.java:100)
	at org.junit.runners.ParentRunner.runLeaf(ParentRunner.java:366)
	at org.junit.runners.BlockJUnit4ClassRunner.runChild(BlockJUnit4ClassRunner.java:103)
	at de.tomgrill.gdxtesting.GdxTestRunner.render(GdxTestRunner.java:59)
	at com.badlogic.gdx.backends.headless.HeadlessApplication.mainLoop(HeadlessApplication.java:128)
	at com.badlogic.gdx.backends.headless.HeadlessApplication$1.run(HeadlessApplication.java:94)
Caused by: com.badlogic.gdx.utils.GdxRuntimeException: File not found: zombie.png (Internal)
	at com.badlogic.gdx.files.FileHandle.read(FileHandle.java:142)
	at com.badlogic.gdx.files.FileHandle.readBytes(FileHandle.java:228)
	at com.badlogic.gdx.graphics.Pixmap.&lt;init&gt;(Pixmap.java:162)
	... 24 more
</failure>
  </testcase>
  <testcase name="getEvent_returnsCurrentEvent" classname="de.tomgrill.gdxtesting.labyrixTests.TestTrap" time="0.0">
    <failure message="com.badlogic.gdx.utils.GdxRuntimeException: Couldn't load file: zombie.png" type="com.badlogic.gdx.utils.GdxRuntimeException">com.badlogic.gdx.utils.GdxRuntimeException: Couldn't load file: zombie.png
	at com.badlogic.gdx.graphics.Pixmap.&lt;init&gt;(Pixmap.java:165)
	at com.badlogic.gdx.graphics.TextureData$Factory.loadFromFile(TextureData.java:98)
	at com.badlogic.gdx.graphics.Texture.&lt;init&gt;(Texture.java:122)
	at com.badlogic.gdx.graphics.Texture.&lt;init&gt;(Texture.java:114)
	at com.badlogic.gdx.graphics.Texture.&lt;init&gt;(Texture.java:110)
	at com.labyrix.game.Models.Image.&lt;init&gt;(Image.java:13)
	at com.labyrix.game.Models.TrapEvent.&lt;init&gt;(TrapEvent.java:33)
	at com.labyrix.game.Models.Trap.&lt;init&gt;(Trap.java:19)
	at de.tomgrill.gdxtesting.labyrixTests.TestTrap.init(TestTrap.java:25)
	at sun.reflect.NativeMethodAccessorImpl.invoke0(Native Method)
	at sun.reflect.NativeMethodAccessorImpl.invoke(NativeMethodAccessorImpl.java:62)
	at sun.reflect.DelegatingMethodAccessorImpl.invoke(DelegatingMethodAccessorImpl.java:43)
	at java.lang.reflect.Method.invoke(Method.java:498)
	at org.junit.runners.model.FrameworkMethod$1.runReflectiveCall(FrameworkMethod.java:59)
	at org.junit.internal.runners.model.ReflectiveCallable.run(ReflectiveCallable.java:12)
	at org.junit.runners.model.FrameworkMethod.invokeExplosively(FrameworkMethod.java:56)
	at org.junit.internal.runners.statements.RunBefores.invokeMethod(RunBefores.java:33)
	at org.junit.internal.runners.statements.RunBefores.evaluate(RunBefores.java:24)
	at org.junit.runners.ParentRunner$3.evaluate(ParentRunner.java:306)
	at org.junit.runners.BlockJUnit4ClassRunner$1.evaluate(BlockJUnit4ClassRunner.java:100)
	at org.junit.runners.ParentRunner.runLeaf(ParentRunner.java:366)
	at org.junit.runners.BlockJUnit4ClassRunner.runChild(BlockJUnit4ClassRunner.java:103)
	at de.tomgrill.gdxtesting.GdxTestRunner.render(GdxTestRunner.java:59)
	at com.badlogic.gdx.backends.headless.HeadlessApplication.mainLoop(HeadlessApplication.java:128)
	at com.badlogic.gdx.backends.headless.HeadlessApplication$1.run(HeadlessApplication.java:94)
Caused by: com.badlogic.gdx.utils.GdxRuntimeException: File not found: zombie.png (Internal)
	at com.badlogic.gdx.files.FileHandle.read(FileHandle.java:142)
	at com.badlogic.gdx.files.FileHandle.readBytes(FileHandle.java:228)
	at com.badlogic.gdx.graphics.Pixmap.&lt;init&gt;(Pixmap.java:162)
	... 24 more
</failure>
  </testcase>
  <testcase name="Trap_createsTrapObject" classname="de.tomgrill.gdxtesting.labyrixTests.TestTrap" time="0.0">
    <failure message="com.badlogic.gdx.utils.GdxRuntimeException: Couldn't load file: bomb.png" type="com.badlogic.gdx.utils.GdxRuntimeException">com.badlogic.gdx.utils.GdxRuntimeException: Couldn't load file: bomb.png
	at com.badlogic.gdx.graphics.Pixmap.&lt;init&gt;(Pixmap.java:165)
	at com.badlogic.gdx.graphics.TextureData$Factory.loadFromFile(TextureData.java:98)
	at com.badlogic.gdx.graphics.Texture.&lt;init&gt;(Texture.java:122)
	at com.badlogic.gdx.graphics.Texture.&lt;init&gt;(Texture.java:114)
	at com.badlogic.gdx.graphics.Texture.&lt;init&gt;(Texture.java:110)
	at com.labyrix.game.Models.Image.&lt;init&gt;(Image.java:13)
	at com.labyrix.game.Models.TrapEvent.&lt;init&gt;(TrapEvent.java:37)
	at com.labyrix.game.Models.Trap.&lt;init&gt;(Trap.java:19)
	at de.tomgrill.gdxtesting.labyrixTests.TestTrap.init(TestTrap.java:25)
	at sun.reflect.NativeMethodAccessorImpl.invoke0(Native Method)
	at sun.reflect.NativeMethodAccessorImpl.invoke(NativeMethodAccessorImpl.java:62)
	at sun.reflect.DelegatingMethodAccessorImpl.invoke(DelegatingMethodAccessorImpl.java:43)
	at java.lang.reflect.Method.invoke(Method.java:498)
	at org.junit.runners.model.FrameworkMethod$1.runReflectiveCall(FrameworkMethod.java:59)
	at org.junit.internal.runners.model.ReflectiveCallable.run(ReflectiveCallable.java:12)
	at org.junit.runners.model.FrameworkMethod.invokeExplosively(FrameworkMethod.java:56)
	at org.junit.internal.runners.statements.RunBefores.invokeMethod(RunBefores.java:33)
	at org.junit.internal.runners.statements.RunBefores.evaluate(RunBefores.java:24)
	at org.junit.runners.ParentRunner$3.evaluate(ParentRunner.java:306)
	at org.junit.runners.BlockJUnit4ClassRunner$1.evaluate(BlockJUnit4ClassRunner.java:100)
	at org.junit.runners.ParentRunner.runLeaf(ParentRunner.java:366)
	at org.junit.runners.BlockJUnit4ClassRunner.runChild(BlockJUnit4ClassRunner.java:103)
	at de.tomgrill.gdxtesting.GdxTestRunner.render(GdxTestRunner.java:59)
	at com.badlogic.gdx.backends.headless.HeadlessApplication.mainLoop(HeadlessApplication.java:128)
	at com.badlogic.gdx.backends.headless.HeadlessApplication$1.run(HeadlessApplication.java:94)
Caused by: com.badlogic.gdx.utils.GdxRuntimeException: File not found: bomb.png (Internal)
	at com.badlogic.gdx.files.FileHandle.read(FileHandle.java:142)
	at com.badlogic.gdx.files.FileHandle.readBytes(FileHandle.java:228)
	at com.badlogic.gdx.graphics.Pixmap.&lt;init&gt;(Pixmap.java:162)
	... 24 more
</failure>
  </testcase>
  <testcase name="Trap_throwsException_whenProbabilityLessThanZero" classname="de.tomgrill.gdxtesting.labyrixTests.TestTrap" time="0.001">
    <failure message="com.badlogic.gdx.utils.GdxRuntimeException: Couldn't load file: quicksand.png" type="com.badlogic.gdx.utils.GdxRuntimeException">com.badlogic.gdx.utils.GdxRuntimeException: Couldn't load file: quicksand.png
	at com.badlogic.gdx.graphics.Pixmap.&lt;init&gt;(Pixmap.java:165)
	at com.badlogic.gdx.graphics.TextureData$Factory.loadFromFile(TextureData.java:98)
	at com.badlogic.gdx.graphics.Texture.&lt;init&gt;(Texture.java:122)
	at com.badlogic.gdx.graphics.Texture.&lt;init&gt;(Texture.java:114)
	at com.badlogic.gdx.graphics.Texture.&lt;init&gt;(Texture.java:110)
	at com.labyrix.game.Models.Image.&lt;init&gt;(Image.java:13)
	at com.labyrix.game.Models.TrapEvent.&lt;init&gt;(TrapEvent.java:45)
	at com.labyrix.game.Models.Trap.&lt;init&gt;(Trap.java:19)
	at de.tomgrill.gdxtesting.labyrixTests.TestTrap.init(TestTrap.java:25)
	at sun.reflect.NativeMethodAccessorImpl.invoke0(Native Method)
	at sun.reflect.NativeMethodAccessorImpl.invoke(NativeMethodAccessorImpl.java:62)
	at sun.reflect.DelegatingMethodAccessorImpl.invoke(DelegatingMethodAccessorImpl.java:43)
	at java.lang.reflect.Method.invoke(Method.java:498)
	at org.junit.runners.model.FrameworkMethod$1.runReflectiveCall(FrameworkMethod.java:59)
	at org.junit.internal.runners.model.ReflectiveCallable.run(ReflectiveCallable.java:12)
	at org.junit.runners.model.FrameworkMethod.invokeExplosively(FrameworkMethod.java:56)
	at org.junit.internal.runners.statements.RunBefores.invokeMethod(RunBefores.java:33)
	at org.junit.internal.runners.statements.RunBefores.evaluate(RunBefores.java:24)
	at org.junit.runners.ParentRunner$3.evaluate(ParentRunner.java:306)
	at org.junit.runners.BlockJUnit4ClassRunner$1.evaluate(BlockJUnit4ClassRunner.java:100)
	at org.junit.runners.ParentRunner.runLeaf(ParentRunner.java:366)
	at org.junit.runners.BlockJUnit4ClassRunner.runChild(BlockJUnit4ClassRunner.java:103)
	at de.tomgrill.gdxtesting.GdxTestRunner.render(GdxTestRunner.java:59)
	at com.badlogic.gdx.backends.headless.HeadlessApplication.mainLoop(HeadlessApplication.java:128)
	at com.badlogic.gdx.backends.headless.HeadlessApplication$1.run(HeadlessApplication.java:94)
Caused by: com.badlogic.gdx.utils.GdxRuntimeException: File not found: quicksand.png (Internal)
	at com.badlogic.gdx.files.FileHandle.read(FileHandle.java:142)
	at com.badlogic.gdx.files.FileHandle.readBytes(FileHandle.java:228)
	at com.badlogic.gdx.graphics.Pixmap.&lt;init&gt;(Pixmap.java:162)
	... 24 more
</failure>
  </testcase>
  <testcase name="Trap_throwsException_whenProbabilityHigherThanOne" classname="de.tomgrill.gdxtesting.labyrixTests.TestTrap" time="0.001">
    <failure message="com.badlogic.gdx.utils.GdxRuntimeException: Couldn't load file: cage.png" type="com.badlogic.gdx.utils.GdxRuntimeException">com.badlogic.gdx.utils.GdxRuntimeException: Couldn't load file: cage.png
	at com.badlogic.gdx.graphics.Pixmap.&lt;init&gt;(Pixmap.java:165)
	at com.badlogic.gdx.graphics.TextureData$Factory.loadFromFile(TextureData.java:98)
	at com.badlogic.gdx.graphics.Texture.&lt;init&gt;(Texture.java:122)
	at com.badlogic.gdx.graphics.Texture.&lt;init&gt;(Texture.java:114)
	at com.badlogic.gdx.graphics.Texture.&lt;init&gt;(Texture.java:110)
	at com.labyrix.game.Models.Image.&lt;init&gt;(Image.java:13)
	at com.labyrix.game.Models.TrapEvent.&lt;init&gt;(TrapEvent.java:41)
	at com.labyrix.game.Models.Trap.&lt;init&gt;(Trap.java:19)
	at de.tomgrill.gdxtesting.labyrixTests.TestTrap.init(TestTrap.java:25)
	at sun.reflect.NativeMethodAccessorImpl.invoke0(Native Method)
	at sun.reflect.NativeMethodAccessorImpl.invoke(NativeMethodAccessorImpl.java:62)
	at sun.reflect.DelegatingMethodAccessorImpl.invoke(DelegatingMethodAccessorImpl.java:43)
	at java.lang.reflect.Method.invoke(Method.java:498)
	at org.junit.runners.model.FrameworkMethod$1.runReflectiveCall(FrameworkMethod.java:59)
	at org.junit.internal.runners.model.ReflectiveCallable.run(ReflectiveCallable.java:12)
	at org.junit.runners.model.FrameworkMethod.invokeExplosively(FrameworkMethod.java:56)
	at org.junit.internal.runners.statements.RunBefores.invokeMethod(RunBefores.java:33)
	at org.junit.internal.runners.statements.RunBefores.evaluate(RunBefores.java:24)
	at org.junit.runners.ParentRunner$3.evaluate(ParentRunner.java:306)
	at org.junit.runners.BlockJUnit4ClassRunner$1.evaluate(BlockJUnit4ClassRunner.java:100)
	at org.junit.runners.ParentRunner.runLeaf(ParentRunner.java:366)
	at org.junit.runners.BlockJUnit4ClassRunner.runChild(BlockJUnit4ClassRunner.java:103)
	at de.tomgrill.gdxtesting.GdxTestRunner.render(GdxTestRunner.java:59)
	at com.badlogic.gdx.backends.headless.HeadlessApplication.mainLoop(HeadlessApplication.java:128)
	at com.badlogic.gdx.backends.headless.HeadlessApplication$1.run(HeadlessApplication.java:94)
Caused by: com.badlogic.gdx.utils.GdxRuntimeException: File not found: cage.png (Internal)
	at com.badlogic.gdx.files.FileHandle.read(FileHandle.java:142)
	at com.badlogic.gdx.files.FileHandle.readBytes(FileHandle.java:228)
	at com.badlogic.gdx.graphics.Pixmap.&lt;init&gt;(Pixmap.java:162)
	... 24 more
</failure>
  </testcase>
  <testcase name="Trap_createsTrapEventAutomatically" classname="de.tomgrill.gdxtesting.labyrixTests.TestTrap" time="0.001">
    <failure message="com.badlogic.gdx.utils.GdxRuntimeException: Couldn't load file: cage.png" type="com.badlogic.gdx.utils.GdxRuntimeException">com.badlogic.gdx.utils.GdxRuntimeException: Couldn't load file: cage.png
	at com.badlogic.gdx.graphics.Pixmap.&lt;init&gt;(Pixmap.java:165)
	at com.badlogic.gdx.graphics.TextureData$Factory.loadFromFile(TextureData.java:98)
	at com.badlogic.gdx.graphics.Texture.&lt;init&gt;(Texture.java:122)
	at com.badlogic.gdx.graphics.Texture.&lt;init&gt;(Texture.java:114)
	at com.badlogic.gdx.graphics.Texture.&lt;init&gt;(Texture.java:110)
	at com.labyrix.game.Models.Image.&lt;init&gt;(Image.java:13)
	at com.labyrix.game.Models.TrapEvent.&lt;init&gt;(TrapEvent.java:41)
	at com.labyrix.game.Models.Trap.&lt;init&gt;(Trap.java:19)
	at de.tomgrill.gdxtesting.labyrixTests.TestTrap.init(TestTrap.java:25)
	at sun.reflect.NativeMethodAccessorImpl.invoke0(Native Method)
	at sun.reflect.NativeMethodAccessorImpl.invoke(NativeMethodAccessorImpl.java:62)
	at sun.reflect.DelegatingMethodAccessorImpl.invoke(DelegatingMethodAccessorImpl.java:43)
	at java.lang.reflect.Method.invoke(Method.java:498)
	at org.junit.runners.model.FrameworkMethod$1.runReflectiveCall(FrameworkMethod.java:59)
	at org.junit.internal.runners.model.ReflectiveCallable.run(ReflectiveCallable.java:12)
	at org.junit.runners.model.FrameworkMethod.invokeExplosively(FrameworkMethod.java:56)
	at org.junit.internal.runners.statements.RunBefores.invokeMethod(RunBefores.java:33)
	at org.junit.internal.runners.statements.RunBefores.evaluate(RunBefores.java:24)
	at org.junit.runners.ParentRunner$3.evaluate(ParentRunner.java:306)
	at org.junit.runners.BlockJUnit4ClassRunner$1.evaluate(BlockJUnit4ClassRunner.java:100)
	at org.junit.runners.ParentRunner.runLeaf(ParentRunner.java:366)
	at org.junit.runners.BlockJUnit4ClassRunner.runChild(BlockJUnit4ClassRunner.java:103)
	at de.tomgrill.gdxtesting.GdxTestRunner.render(GdxTestRunner.java:59)
	at com.badlogic.gdx.backends.headless.HeadlessApplication.mainLoop(HeadlessApplication.java:128)
	at com.badlogic.gdx.backends.headless.HeadlessApplication$1.run(HeadlessApplication.java:94)
Caused by: com.badlogic.gdx.utils.GdxRuntimeException: File not found: cage.png (Internal)
	at com.badlogic.gdx.files.FileHandle.read(FileHandle.java:142)
	at com.badlogic.gdx.files.FileHandle.readBytes(FileHandle.java:228)
	at com.badlogic.gdx.graphics.Pixmap.&lt;init&gt;(Pixmap.java:162)
	... 24 more
</failure>
  </testcase>
  <testcase name="isTrapActivated_activatesTrapAsOftenAsProbabilityAllows" classname="de.tomgrill.gdxtesting.labyrixTests.TestTrap" time="0.002">
    <failure message="com.badlogic.gdx.utils.GdxRuntimeException: Couldn't load file: quicksand.png" type="com.badlogic.gdx.utils.GdxRuntimeException">com.badlogic.gdx.utils.GdxRuntimeException: Couldn't load file: quicksand.png
	at com.badlogic.gdx.graphics.Pixmap.&lt;init&gt;(Pixmap.java:165)
	at com.badlogic.gdx.graphics.TextureData$Factory.loadFromFile(TextureData.java:98)
	at com.badlogic.gdx.graphics.Texture.&lt;init&gt;(Texture.java:122)
	at com.badlogic.gdx.graphics.Texture.&lt;init&gt;(Texture.java:114)
	at com.badlogic.gdx.graphics.Texture.&lt;init&gt;(Texture.java:110)
	at com.labyrix.game.Models.Image.&lt;init&gt;(Image.java:13)
	at com.labyrix.game.Models.TrapEvent.&lt;init&gt;(TrapEvent.java:45)
	at com.labyrix.game.Models.Trap.&lt;init&gt;(Trap.java:19)
	at de.tomgrill.gdxtesting.labyrixTests.TestTrap.init(TestTrap.java:25)
	at sun.reflect.NativeMethodAccessorImpl.invoke0(Native Method)
	at sun.reflect.NativeMethodAccessorImpl.invoke(NativeMethodAccessorImpl.java:62)
	at sun.reflect.DelegatingMethodAccessorImpl.invoke(DelegatingMethodAccessorImpl.java:43)
	at java.lang.reflect.Method.invoke(Method.java:498)
	at org.junit.runners.model.FrameworkMethod$1.runReflectiveCall(FrameworkMethod.java:59)
	at org.junit.internal.runners.model.ReflectiveCallable.run(ReflectiveCallable.java:12)
	at org.junit.runners.model.FrameworkMethod.invokeExplosively(FrameworkMethod.java:56)
	at org.junit.internal.runners.statements.RunBefores.invokeMethod(RunBefores.java:33)
	at org.junit.internal.runners.statements.RunBefores.evaluate(RunBefores.java:24)
	at org.junit.runners.ParentRunner$3.evaluate(ParentRunner.java:306)
	at org.junit.runners.BlockJUnit4ClassRunner$1.evaluate(BlockJUnit4ClassRunner.java:100)
	at org.junit.runners.ParentRunner.runLeaf(ParentRunner.java:366)
	at org.junit.runners.BlockJUnit4ClassRunner.runChild(BlockJUnit4ClassRunner.java:103)
	at de.tomgrill.gdxtesting.GdxTestRunner.render(GdxTestRunner.java:59)
	at com.badlogic.gdx.backends.headless.HeadlessApplication.mainLoop(HeadlessApplication.java:128)
	at com.badlogic.gdx.backends.headless.HeadlessApplication$1.run(HeadlessApplication.java:94)
Caused by: com.badlogic.gdx.utils.GdxRuntimeException: File not found: quicksand.png (Internal)
	at com.badlogic.gdx.files.FileHandle.read(FileHandle.java:142)
	at com.badlogic.gdx.files.FileHandle.readBytes(FileHandle.java:228)
	at com.badlogic.gdx.graphics.Pixmap.&lt;init&gt;(Pixmap.java:162)
	... 24 more
</failure>
  </testcase>
  <testcase name="getProbability_returnsCurrentProbability" classname="de.tomgrill.gdxtesting.labyrixTests.TestTrap" time="0.001">
    <failure message="com.badlogic.gdx.utils.GdxRuntimeException: Couldn't load file: cage.png" type="com.badlogic.gdx.utils.GdxRuntimeException">com.badlogic.gdx.utils.GdxRuntimeException: Couldn't load file: cage.png
	at com.badlogic.gdx.graphics.Pixmap.&lt;init&gt;(Pixmap.java:165)
	at com.badlogic.gdx.graphics.TextureData$Factory.loadFromFile(TextureData.java:98)
	at com.badlogic.gdx.graphics.Texture.&lt;init&gt;(Texture.java:122)
	at com.badlogic.gdx.graphics.Texture.&lt;init&gt;(Texture.java:114)
	at com.badlogic.gdx.graphics.Texture.&lt;init&gt;(Texture.java:110)
	at com.labyrix.game.Models.Image.&lt;init&gt;(Image.java:13)
	at com.labyrix.game.Models.TrapEvent.&lt;init&gt;(TrapEvent.java:41)
	at com.labyrix.game.Models.Trap.&lt;init&gt;(Trap.java:19)
	at de.tomgrill.gdxtesting.labyrixTests.TestTrap.init(TestTrap.java:25)
	at sun.reflect.NativeMethodAccessorImpl.invoke0(Native Method)
	at sun.reflect.NativeMethodAccessorImpl.invoke(NativeMethodAccessorImpl.java:62)
	at sun.reflect.DelegatingMethodAccessorImpl.invoke(DelegatingMethodAccessorImpl.java:43)
	at java.lang.reflect.Method.invoke(Method.java:498)
	at org.junit.runners.model.FrameworkMethod$1.runReflectiveCall(FrameworkMethod.java:59)
	at org.junit.internal.runners.model.ReflectiveCallable.run(ReflectiveCallable.java:12)
	at org.junit.runners.model.FrameworkMethod.invokeExplosively(FrameworkMethod.java:56)
	at org.junit.internal.runners.statements.RunBefores.invokeMethod(RunBefores.java:33)
	at org.junit.internal.runners.statements.RunBefores.evaluate(RunBefores.java:24)
	at org.junit.runners.ParentRunner$3.evaluate(ParentRunner.java:306)
	at org.junit.runners.BlockJUnit4ClassRunner$1.evaluate(BlockJUnit4ClassRunner.java:100)
	at org.junit.runners.ParentRunner.runLeaf(ParentRunner.java:366)
	at org.junit.runners.BlockJUnit4ClassRunner.runChild(BlockJUnit4ClassRunner.java:103)
	at de.tomgrill.gdxtesting.GdxTestRunner.render(GdxTestRunner.java:59)
	at com.badlogic.gdx.backends.headless.HeadlessApplication.mainLoop(HeadlessApplication.java:128)
	at com.badlogic.gdx.backends.headless.HeadlessApplication$1.run(HeadlessApplication.java:94)
Caused by: com.badlogic.gdx.utils.GdxRuntimeException: File not found: cage.png (Internal)
	at com.badlogic.gdx.files.FileHandle.read(FileHandle.java:142)
	at com.badlogic.gdx.files.FileHandle.readBytes(FileHandle.java:228)
	at com.badlogic.gdx.graphics.Pixmap.&lt;init&gt;(Pixmap.java:162)
	... 24 more
</failure>
  </testcase>
  <testcase name="setEvent_changesCurrentEvent" classname="de.tomgrill.gdxtesting.labyrixTests.TestTrap" time="0.001">
    <failure message="com.badlogic.gdx.utils.GdxRuntimeException: Couldn't load file: quicksand.png" type="com.badlogic.gdx.utils.GdxRuntimeException">com.badlogic.gdx.utils.GdxRuntimeException: Couldn't load file: quicksand.png
	at com.badlogic.gdx.graphics.Pixmap.&lt;init&gt;(Pixmap.java:165)
	at com.badlogic.gdx.graphics.TextureData$Factory.loadFromFile(TextureData.java:98)
	at com.badlogic.gdx.graphics.Texture.&lt;init&gt;(Texture.java:122)
	at com.badlogic.gdx.graphics.Texture.&lt;init&gt;(Texture.java:114)
	at com.badlogic.gdx.graphics.Texture.&lt;init&gt;(Texture.java:110)
	at com.labyrix.game.Models.Image.&lt;init&gt;(Image.java:13)
	at com.labyrix.game.Models.TrapEvent.&lt;init&gt;(TrapEvent.java:45)
	at com.labyrix.game.Models.Trap.&lt;init&gt;(Trap.java:19)
	at de.tomgrill.gdxtesting.labyrixTests.TestTrap.init(TestTrap.java:25)
	at sun.reflect.NativeMethodAccessorImpl.invoke0(Native Method)
	at sun.reflect.NativeMethodAccessorImpl.invoke(NativeMethodAccessorImpl.java:62)
	at sun.reflect.DelegatingMethodAccessorImpl.invoke(DelegatingMethodAccessorImpl.java:43)
	at java.lang.reflect.Method.invoke(Method.java:498)
	at org.junit.runners.model.FrameworkMethod$1.runReflectiveCall(FrameworkMethod.java:59)
	at org.junit.internal.runners.model.ReflectiveCallable.run(ReflectiveCallable.java:12)
	at org.junit.runners.model.FrameworkMethod.invokeExplosively(FrameworkMethod.java:56)
	at org.junit.internal.runners.statements.RunBefores.invokeMethod(RunBefores.java:33)
	at org.junit.internal.runners.statements.RunBefores.evaluate(RunBefores.java:24)
	at org.junit.runners.ParentRunner$3.evaluate(ParentRunner.java:306)
	at org.junit.runners.BlockJUnit4ClassRunner$1.evaluate(BlockJUnit4ClassRunner.java:100)
	at org.junit.runners.ParentRunner.runLeaf(ParentRunner.java:366)
	at org.junit.runners.BlockJUnit4ClassRunner.runChild(BlockJUnit4ClassRunner.java:103)
	at de.tomgrill.gdxtesting.GdxTestRunner.render(GdxTestRunner.java:59)
	at com.badlogic.gdx.backends.headless.HeadlessApplication.mainLoop(HeadlessApplication.java:128)
	at com.badlogic.gdx.backends.headless.HeadlessApplication$1.run(HeadlessApplication.java:94)
Caused by: com.badlogic.gdx.utils.GdxRuntimeException: File not found: quicksand.png (Internal)
	at com.badlogic.gdx.files.FileHandle.read(FileHandle.java:142)
	at com.badlogic.gdx.files.FileHandle.readBytes(FileHandle.java:228)
	at com.badlogic.gdx.graphics.Pixmap.&lt;init&gt;(Pixmap.java:162)
	... 24 more
</failure>
  </testcase>
  <testcase name="setProbability_changesCurrentProbability" classname="de.tomgrill.gdxtesting.labyrixTests.TestTrap" time="0.001">
    <failure message="com.badlogic.gdx.utils.GdxRuntimeException: Couldn't load file: quicksand.png" type="com.badlogic.gdx.utils.GdxRuntimeException">com.badlogic.gdx.utils.GdxRuntimeException: Couldn't load file: quicksand.png
	at com.badlogic.gdx.graphics.Pixmap.&lt;init&gt;(Pixmap.java:165)
	at com.badlogic.gdx.graphics.TextureData$Factory.loadFromFile(TextureData.java:98)
	at com.badlogic.gdx.graphics.Texture.&lt;init&gt;(Texture.java:122)
	at com.badlogic.gdx.graphics.Texture.&lt;init&gt;(Texture.java:114)
	at com.badlogic.gdx.graphics.Texture.&lt;init&gt;(Texture.java:110)
	at com.labyrix.game.Models.Image.&lt;init&gt;(Image.java:13)
	at com.labyrix.game.Models.TrapEvent.&lt;init&gt;(TrapEvent.java:45)
	at com.labyrix.game.Models.Trap.&lt;init&gt;(Trap.java:19)
	at de.tomgrill.gdxtesting.labyrixTests.TestTrap.init(TestTrap.java:25)
	at sun.reflect.NativeMethodAccessorImpl.invoke0(Native Method)
	at sun.reflect.NativeMethodAccessorImpl.invoke(NativeMethodAccessorImpl.java:62)
	at sun.reflect.DelegatingMethodAccessorImpl.invoke(DelegatingMethodAccessorImpl.java:43)
	at java.lang.reflect.Method.invoke(Method.java:498)
	at org.junit.runners.model.FrameworkMethod$1.runReflectiveCall(FrameworkMethod.java:59)
	at org.junit.internal.runners.model.ReflectiveCallable.run(ReflectiveCallable.java:12)
	at org.junit.runners.model.FrameworkMethod.invokeExplosively(FrameworkMethod.java:56)
	at org.junit.internal.runners.statements.RunBefores.invokeMethod(RunBefores.java:33)
	at org.junit.internal.runners.statements.RunBefores.evaluate(RunBefores.java:24)
	at org.junit.runners.ParentRunner$3.evaluate(ParentRunner.java:306)
	at org.junit.runners.BlockJUnit4ClassRunner$1.evaluate(BlockJUnit4ClassRunner.java:100)
	at org.junit.runners.ParentRunner.runLeaf(ParentRunner.java:366)
	at org.junit.runners.BlockJUnit4ClassRunner.runChild(BlockJUnit4ClassRunner.java:103)
	at de.tomgrill.gdxtesting.GdxTestRunner.render(GdxTestRunner.java:59)
	at com.badlogic.gdx.backends.headless.HeadlessApplication.mainLoop(HeadlessApplication.java:128)
	at com.badlogic.gdx.backends.headless.HeadlessApplication$1.run(HeadlessApplication.java:94)
Caused by: com.badlogic.gdx.utils.GdxRuntimeException: File not found: quicksand.png (Internal)
	at com.badlogic.gdx.files.FileHandle.read(FileHandle.java:142)
	at com.badlogic.gdx.files.FileHandle.readBytes(FileHandle.java:228)
	at com.badlogic.gdx.graphics.Pixmap.&lt;init&gt;(Pixmap.java:162)
	... 24 more
</failure>
  </testcase>
  <testcase name="getEvent_returnsCurrentEvent" classname="de.tomgrill.gdxtesting.labyrixTests.TestTrap" time="0.001">
    <failure message="com.badlogic.gdx.utils.GdxRuntimeException: Couldn't load file: zombie.png" type="com.badlogic.gdx.utils.GdxRuntimeException">com.badlogic.gdx.utils.GdxRuntimeException: Couldn't load file: zombie.png
	at com.badlogic.gdx.graphics.Pixmap.&lt;init&gt;(Pixmap.java:165)
	at com.badlogic.gdx.graphics.TextureData$Factory.loadFromFile(TextureData.java:98)
	at com.badlogic.gdx.graphics.Texture.&lt;init&gt;(Texture.java:122)
	at com.badlogic.gdx.graphics.Texture.&lt;init&gt;(Texture.java:114)
	at com.badlogic.gdx.graphics.Texture.&lt;init&gt;(Texture.java:110)
	at com.labyrix.game.Models.Image.&lt;init&gt;(Image.java:13)
	at com.labyrix.game.Models.TrapEvent.&lt;init&gt;(TrapEvent.java:33)
	at com.labyrix.game.Models.Trap.&lt;init&gt;(Trap.java:19)
	at de.tomgrill.gdxtesting.labyrixTests.TestTrap.init(TestTrap.java:25)
	at sun.reflect.NativeMethodAccessorImpl.invoke0(Native Method)
	at sun.reflect.NativeMethodAccessorImpl.invoke(NativeMethodAccessorImpl.java:62)
	at sun.reflect.DelegatingMethodAccessorImpl.invoke(DelegatingMethodAccessorImpl.java:43)
	at java.lang.reflect.Method.invoke(Method.java:498)
	at org.junit.runners.model.FrameworkMethod$1.runReflectiveCall(FrameworkMethod.java:59)
	at org.junit.internal.runners.model.ReflectiveCallable.run(ReflectiveCallable.java:12)
	at org.junit.runners.model.FrameworkMethod.invokeExplosively(FrameworkMethod.java:56)
	at org.junit.internal.runners.statements.RunBefores.invokeMethod(RunBefores.java:33)
	at org.junit.internal.runners.statements.RunBefores.evaluate(RunBefores.java:24)
	at org.junit.runners.ParentRunner$3.evaluate(ParentRunner.java:306)
	at org.junit.runners.BlockJUnit4ClassRunner$1.evaluate(BlockJUnit4ClassRunner.java:100)
	at org.junit.runners.ParentRunner.runLeaf(ParentRunner.java:366)
	at org.junit.runners.BlockJUnit4ClassRunner.runChild(BlockJUnit4ClassRunner.java:103)
	at de.tomgrill.gdxtesting.GdxTestRunner.render(GdxTestRunner.java:59)
	at com.badlogic.gdx.backends.headless.HeadlessApplication.mainLoop(HeadlessApplication.java:128)
	at com.badlogic.gdx.backends.headless.HeadlessApplication$1.run(HeadlessApplication.java:94)
Caused by: com.badlogic.gdx.utils.GdxRuntimeException: File not found: zombie.png (Internal)
	at com.badlogic.gdx.files.FileHandle.read(FileHandle.java:142)
	at com.badlogic.gdx.files.FileHandle.readBytes(FileHandle.java:228)
	at com.badlogic.gdx.graphics.Pixmap.&lt;init&gt;(Pixmap.java:162)
	... 24 more
</failure>
  </testcase>
  <testcase name="Trap_createsTrapObject" classname="de.tomgrill.gdxtesting.labyrixTests.TestTrap" time="0.001">
    <failure message="com.badlogic.gdx.utils.GdxRuntimeException: Couldn't load file: zombie.png" type="com.badlogic.gdx.utils.GdxRuntimeException">com.badlogic.gdx.utils.GdxRuntimeException: Couldn't load file: zombie.png
	at com.badlogic.gdx.graphics.Pixmap.&lt;init&gt;(Pixmap.java:165)
	at com.badlogic.gdx.graphics.TextureData$Factory.loadFromFile(TextureData.java:98)
	at com.badlogic.gdx.graphics.Texture.&lt;init&gt;(Texture.java:122)
	at com.badlogic.gdx.graphics.Texture.&lt;init&gt;(Texture.java:114)
	at com.badlogic.gdx.graphics.Texture.&lt;init&gt;(Texture.java:110)
	at com.labyrix.game.Models.Image.&lt;init&gt;(Image.java:13)
	at com.labyrix.game.Models.TrapEvent.&lt;init&gt;(TrapEvent.java:33)
	at com.labyrix.game.Models.Trap.&lt;init&gt;(Trap.java:19)
	at de.tomgrill.gdxtesting.labyrixTests.TestTrap.init(TestTrap.java:25)
	at sun.reflect.NativeMethodAccessorImpl.invoke0(Native Method)
	at sun.reflect.NativeMethodAccessorImpl.invoke(NativeMethodAccessorImpl.java:62)
	at sun.reflect.DelegatingMethodAccessorImpl.invoke(DelegatingMethodAccessorImpl.java:43)
	at java.lang.reflect.Method.invoke(Method.java:498)
	at org.junit.runners.model.FrameworkMethod$1.runReflectiveCall(FrameworkMethod.java:59)
	at org.junit.internal.runners.model.ReflectiveCallable.run(ReflectiveCallable.java:12)
	at org.junit.runners.model.FrameworkMethod.invokeExplosively(FrameworkMethod.java:56)
	at org.junit.internal.runners.statements.RunBefores.invokeMethod(RunBefores.java:33)
	at org.junit.internal.runners.statements.RunBefores.evaluate(RunBefores.java:24)
	at org.junit.runners.ParentRunner$3.evaluate(ParentRunner.java:306)
	at org.junit.runners.BlockJUnit4ClassRunner$1.evaluate(BlockJUnit4ClassRunner.java:100)
	at org.junit.runners.ParentRunner.runLeaf(ParentRunner.java:366)
	at org.junit.runners.BlockJUnit4ClassRunner.runChild(BlockJUnit4ClassRunner.java:103)
	at de.tomgrill.gdxtesting.GdxTestRunner.render(GdxTestRunner.java:59)
	at com.badlogic.gdx.backends.headless.HeadlessApplication.mainLoop(HeadlessApplication.java:128)
	at com.badlogic.gdx.backends.headless.HeadlessApplication$1.run(HeadlessApplication.java:94)
Caused by: com.badlogic.gdx.utils.GdxRuntimeException: File not found: zombie.png (Internal)
	at com.badlogic.gdx.files.FileHandle.read(FileHandle.java:142)
	at com.badlogic.gdx.files.FileHandle.readBytes(FileHandle.java:228)
	at com.badlogic.gdx.graphics.Pixmap.&lt;init&gt;(Pixmap.java:162)
	... 24 more
</failure>
  </testcase>
  <testcase name="Trap_throwsException_whenProbabilityLessThanZero" classname="de.tomgrill.gdxtesting.labyrixTests.TestTrap" time="0.001">
    <failure message="com.badlogic.gdx.utils.GdxRuntimeException: Couldn't load file: bomb.png" type="com.badlogic.gdx.utils.GdxRuntimeException">com.badlogic.gdx.utils.GdxRuntimeException: Couldn't load file: bomb.png
	at com.badlogic.gdx.graphics.Pixmap.&lt;init&gt;(Pixmap.java:165)
	at com.badlogic.gdx.graphics.TextureData$Factory.loadFromFile(TextureData.java:98)
	at com.badlogic.gdx.graphics.Texture.&lt;init&gt;(Texture.java:122)
	at com.badlogic.gdx.graphics.Texture.&lt;init&gt;(Texture.java:114)
	at com.badlogic.gdx.graphics.Texture.&lt;init&gt;(Texture.java:110)
	at com.labyrix.game.Models.Image.&lt;init&gt;(Image.java:13)
	at com.labyrix.game.Models.TrapEvent.&lt;init&gt;(TrapEvent.java:37)
	at com.labyrix.game.Models.Trap.&lt;init&gt;(Trap.java:19)
	at de.tomgrill.gdxtesting.labyrixTests.TestTrap.init(TestTrap.java:25)
	at sun.reflect.GeneratedMethodAccessor8.invoke(Unknown Source)
	at sun.reflect.DelegatingMethodAccessorImpl.invoke(DelegatingMethodAccessorImpl.java:43)
	at java.lang.reflect.Method.invoke(Method.java:498)
	at org.junit.runners.model.FrameworkMethod$1.runReflectiveCall(FrameworkMethod.java:59)
	at org.junit.internal.runners.model.ReflectiveCallable.run(ReflectiveCallable.java:12)
	at org.junit.runners.model.FrameworkMethod.invokeExplosively(FrameworkMethod.java:56)
	at org.junit.internal.runners.statements.RunBefores.invokeMethod(RunBefores.java:33)
	at org.junit.internal.runners.statements.RunBefores.evaluate(RunBefores.java:24)
	at org.junit.runners.ParentRunner$3.evaluate(ParentRunner.java:306)
	at org.junit.runners.BlockJUnit4ClassRunner$1.evaluate(BlockJUnit4ClassRunner.java:100)
	at org.junit.runners.ParentRunner.runLeaf(ParentRunner.java:366)
	at org.junit.runners.BlockJUnit4ClassRunner.runChild(BlockJUnit4ClassRunner.java:103)
	at de.tomgrill.gdxtesting.GdxTestRunner.render(GdxTestRunner.java:59)
	at com.badlogic.gdx.backends.headless.HeadlessApplication.mainLoop(HeadlessApplication.java:128)
	at com.badlogic.gdx.backends.headless.HeadlessApplication$1.run(HeadlessApplication.java:94)
Caused by: com.badlogic.gdx.utils.GdxRuntimeException: File not found: bomb.png (Internal)
	at com.badlogic.gdx.files.FileHandle.read(FileHandle.java:142)
	at com.badlogic.gdx.files.FileHandle.readBytes(FileHandle.java:228)
	at com.badlogic.gdx.graphics.Pixmap.&lt;init&gt;(Pixmap.java:162)
	... 23 more
</failure>
  </testcase>
  <testcase name="Trap_throwsException_whenProbabilityHigherThanOne" classname="de.tomgrill.gdxtesting.labyrixTests.TestTrap" time="0.001">
    <failure message="com.badlogic.gdx.utils.GdxRuntimeException: Couldn't load file: quicksand.png" type="com.badlogic.gdx.utils.GdxRuntimeException">com.badlogic.gdx.utils.GdxRuntimeException: Couldn't load file: quicksand.png
	at com.badlogic.gdx.graphics.Pixmap.&lt;init&gt;(Pixmap.java:165)
	at com.badlogic.gdx.graphics.TextureData$Factory.loadFromFile(TextureData.java:98)
	at com.badlogic.gdx.graphics.Texture.&lt;init&gt;(Texture.java:122)
	at com.badlogic.gdx.graphics.Texture.&lt;init&gt;(Texture.java:114)
	at com.badlogic.gdx.graphics.Texture.&lt;init&gt;(Texture.java:110)
	at com.labyrix.game.Models.Image.&lt;init&gt;(Image.java:13)
	at com.labyrix.game.Models.TrapEvent.&lt;init&gt;(TrapEvent.java:45)
	at com.labyrix.game.Models.Trap.&lt;init&gt;(Trap.java:19)
	at de.tomgrill.gdxtesting.labyrixTests.TestTrap.init(TestTrap.java:25)
	at sun.reflect.GeneratedMethodAccessor8.invoke(Unknown Source)
	at sun.reflect.DelegatingMethodAccessorImpl.invoke(DelegatingMethodAccessorImpl.java:43)
	at java.lang.reflect.Method.invoke(Method.java:498)
	at org.junit.runners.model.FrameworkMethod$1.runReflectiveCall(FrameworkMethod.java:59)
	at org.junit.internal.runners.model.ReflectiveCallable.run(ReflectiveCallable.java:12)
	at org.junit.runners.model.FrameworkMethod.invokeExplosively(FrameworkMethod.java:56)
	at org.junit.internal.runners.statements.RunBefores.invokeMethod(RunBefores.java:33)
	at org.junit.internal.runners.statements.RunBefores.evaluate(RunBefores.java:24)
	at org.junit.runners.ParentRunner$3.evaluate(ParentRunner.java:306)
	at org.junit.runners.BlockJUnit4ClassRunner$1.evaluate(BlockJUnit4ClassRunner.java:100)
	at org.junit.runners.ParentRunner.runLeaf(ParentRunner.java:366)
	at org.junit.runners.BlockJUnit4ClassRunner.runChild(BlockJUnit4ClassRunner.java:103)
	at de.tomgrill.gdxtesting.GdxTestRunner.render(GdxTestRunner.java:59)
	at com.badlogic.gdx.backends.headless.HeadlessApplication.mainLoop(HeadlessApplication.java:128)
	at com.badlogic.gdx.backends.headless.HeadlessApplication$1.run(HeadlessApplication.java:94)
Caused by: com.badlogic.gdx.utils.GdxRuntimeException: File not found: quicksand.png (Internal)
	at com.badlogic.gdx.files.FileHandle.read(FileHandle.java:142)
	at com.badlogic.gdx.files.FileHandle.readBytes(FileHandle.java:228)
	at com.badlogic.gdx.graphics.Pixmap.&lt;init&gt;(Pixmap.java:162)
	... 23 more
</failure>
  </testcase>
  <system-out><![CDATA[]]></system-out>
  <system-err><![CDATA[]]></system-err>
</testsuite>
