<?xml version="1.0" encoding="UTF-8"?>
<testsuite name="de.tomgrill.gdxtesting.labyrixTests.TestBoard" tests="8" skipped="0" failures="0" errors="0" timestamp="2021-06-21T20:01:47" hostname="DESKTOP-4QSJNUH" time="0.127">
  <properties/>
  <testcase name="boardCreation_correctSize" classname="de.tomgrill.gdxtesting.labyrixTests.TestBoard" time="0.006"/>
  <testcase name="boardCreation_working" classname="de.tomgrill.gdxtesting.labyrixTests.TestBoard" time="0.001"/>
  <testcase name="boardCreation_checkWrongBoardSizesToSmall" classname="de.tomgrill.gdxtesting.labyrixTests.TestBoard" time="0.002"/>
  <testcase name="boardCreation_checkWrongBoardSizesToBig" classname="de.tomgrill.gdxtesting.labyrixTests.TestBoard" time="0.002"/>
  <testcase name="boardCreation_correctSize" classname="de.tomgrill.gdxtesting.labyrixTests.TestBoard" time="0.001"/>
  <testcase name="boardCreation_working" classname="de.tomgrill.gdxtesting.labyrixTests.TestBoard" time="0.001"/>
  <testcase name="boardCreation_checkWrongBoardSizesToSmall" classname="de.tomgrill.gdxtesting.labyrixTests.TestBoard" time="0.001"/>
  <testcase name="boardCreation_checkWrongBoardSizesToBig" classname="de.tomgrill.gdxtesting.labyrixTests.TestBoard" time="0.0"/>
  <system-out><![CDATA[]]></system-out>
  <system-err><![CDATA[]]></system-err>
</testsuite>
