<?xml version="1.0" encoding="UTF-8"?>
<testsuite name="de.tomgrill.gdxtesting.labyrixTests.TestTurnLogic" tests="10" skipped="0" failures="0" errors="0" timestamp="2021-06-21T20:01:47" hostname="DESKTOP-4QSJNUH" time="0.346">
  <properties/>
  <testcase name="turnLogic_RollDice_WrongTurnValue_ThrowsException" classname="de.tomgrill.gdxtesting.labyrixTests.TestTurnLogic" time="0.194"/>
  <testcase name="turnLogic_CheckTrap_WrongTurnValue_ThrowsException" classname="de.tomgrill.gdxtesting.labyrixTests.TestTurnLogic" time="0.003"/>
  <testcase name="turnLogic_SelectPath_TurnDoneNotFalse_ThrowsException" classname="de.tomgrill.gdxtesting.labyrixTests.TestTurnLogic" time="0.002"/>
  <testcase name="turnLogic_doServerStuff_SentDataToServerTrue_ThrowsException" classname="de.tomgrill.gdxtesting.labyrixTests.TestTurnLogic" time="0.002"/>
  <testcase name="turnLogic_SelectPath_WrongTurnValue_ThrowsException" classname="de.tomgrill.gdxtesting.labyrixTests.TestTurnLogic" time="0.002"/>
  <testcase name="turnLogic_Move_WrongTurnValue_ThrowsException" classname="de.tomgrill.gdxtesting.labyrixTests.TestTurnLogic" time="0.003"/>
  <testcase name="turnLogic_doServerStuff_TurnDoneFalse_ThrowsException" classname="de.tomgrill.gdxtesting.labyrixTests.TestTurnLogic" time="0.002"/>
  <testcase name="turnLogic_Move_TurnDoneNotFalse_ThrowsException" classname="de.tomgrill.gdxtesting.labyrixTests.TestTurnLogic" time="0.002"/>
  <testcase name="turnLogic_RollDice_TurnDoneNotFalse_ThrowsException" classname="de.tomgrill.gdxtesting.labyrixTests.TestTurnLogic" time="0.002"/>
  <testcase name="turnLogic_CheckTrap_TurnDoneNotFalse_ThrowsException" classname="de.tomgrill.gdxtesting.labyrixTests.TestTurnLogic" time="0.002"/>
  <system-out><![CDATA[]]></system-out>
  <system-err><![CDATA[]]></system-err>
</testsuite>
